237 - Winsize
2252 - 0
2255 - 0
2259 - 0
2262 - 0
2265 - 0
2268 - 0
2271 - 0
2274 - 0
2277 - 0
2280 - 0
2283 - 0
2286 - 0
2289 - 0
2292 - 0
2295 - 0
2298 - 0
2301 - 0
2304 - 0
2308 - 0
2311 - 0
2313 - 0
2316 - 0
2319 - 0
2322 - 0
2326 - 0
2330 - 0
2334 - 0
2337 - 0
2341 - 0
2345 - 0
2348 - 0
2350 - 0
2353 - 0
2358 - 0
2363 - 0
2367 - 0
2369 - 0
2373 - 0
2376 - 0
2379 - 0
2382 - 0
2385 - 0
2388 - 0
2391 - 0
2394 - 0
2397 - 0
2400 - 0
2403 - 0
2407 - 0
2409 - 0
2412 - 0
2415 - 0
2419 - 0
2422 - 0
2425 - 0
2428 - 0
2431 - 0
2434 - 0
2437 - 0
2440 - 0
2443 - 0
2446 - 0
2449 - 0
2453 - 0
2456 - 0
2459 - 0
2462 - 0
2464 - 0
2468 - 0
2471 - 0
2474 - 0
2477 - 0
2480 - 0
2483 - 0
2486 - 0
2489 - 0
2492 - 0
2495 - 0
2498 - 0
2501 - 0
2504 - 0
2507 - 0
2510 - 0
2512 - 0
2516 - 0
2519 - 0
2522 - 0
2525 - 0
2528 - 0
2531 - 0
2535 - 0
2538 - 0
2541 - 0
2544 - 0
2548 - 0
2551 - 0
2554 - 0
2557 - 0
2560 - 0
2563 - 0
2566 - 0
2569 - 0
2572 - 0
2575 - 0
2578 - 0
2581 - 0
2584 - 0
2587 - 0
2590 - 0
2593 - 0
2596 - 0
2599 - 0
2602 - 0
2605 - 0
2608 - 0
2612 - 0
2615 - 0
2618 - 0
2621 - 0
2624 - 0
2627 - 0
2630 - 0
2633 - 0
2636 - 0
2639 - 0
2645 - 0
2648 - 0
2652 - 0
2655 - 0
2658 - 0
2661 - 0
2664 - 0
2667 - 0
2670 - 0
2674 - 0
2677 - 0
2680 - 0
2683 - 0
2686 - 0
2689 - 0
2692 - 0
2695 - 0
2698 - 0
2701 - 0
2704 - 0
2707 - 0
2710 - 0
2713 - 0
2716 - 0
2718 - Packet Dropped!
2821 - 0
2824 - 0
2828 - 0
2832 - 0
2835 - 0
2838 - 0
2841 - 0
2845 - 0
2848 - 0
2851 - 0
2854 - 0
2857 - 0
2861 - 0
2864 - 0
2867 - 0
2870 - 0
2873 - 0
2878 - 0
2883 - 0
2886 - 0
2889 - 0
2893 - 0
2896 - 0
2899 - 0
2902 - 0
2905 - 0
2909 - 0
2912 - 0
2915 - 0
2918 - 0
2922 - 0
2925 - 0
2928 - 0
2931 - 0
2934 - 0
2937 - 0
2940 - 0
2943 - 0
2946 - 0
2949 - 0
2952 - 0
2955 - 0
2959 - 0
2962 - 0
2965 - 0
2968 - 0
2971 - 0
2974 - 0
2977 - 0
2980 - 0
2983 - 0
2987 - 0
2990 - 0
2993 - 0
2996 - 0
2999 - 0
3003 - 0
3006 - 0
3009 - 0
3012 - 0
3015 - 0
3019 - 0
3022 - 0
3025 - 0
3028 - 0
3031 - 0
3038 - 0
3041 - 0
3044 - 0
3047 - 0
3051 - 0
3054 - 0
3057 - 0
3061 - 0
3064 - 0
3068 - 0
3071 - 0
3074 - 0
3077 - 0
3080 - 0
3083 - 0
3086 - 0
3089 - 0
3093 - 0
3096 - 0
3099 - 0
3102 - 0
3105 - 0
3108 - 0
3112 - 0
3115 - 0
3118 - 0
3121 - 0
3124 - 0
3127 - 0
3131 - 0
3134 - 0
3137 - 0
3141 - 0
3144 - 0
3147 - 0
3150 - 0
3153 - 0
3157 - 0
3160 - 0
3164 - 0
3167 - 0
3170 - 0
3173 - 0
3177 - 0
3180 - 0
3183 - 0
3186 - 0
3189 - 0
3193 - 0
3196 - 0
3199 - 0
3202 - 0
3205 - 0
3209 - 0
3212 - 0
3215 - 0
3218 - 0
3221 - 0
3225 - 0
3228 - 0
3231 - 0
3234 - 0
3237 - 0
3242 - 0
3245 - 0
3249 - 0
3252 - 0
3255 - 0
3261 - 0
3265 - 0
3268 - 0
3272 - 0
3275 - 0
3278 - 0
3281 - 0
3284 - 0
3288 - 0
3291 - 0
3294 - 0
3297 - 0
3300 - 0
3304 - 0
3307 - 0
3310 - 0
3313 - 0
3316 - 0
3320 - 0
3323 - 0
3326 - 0
3329 - 0
3332 - 0
3336 - 0
3340 - 0
3343 - 0
3346 - 0
3349 - 0
3356 - 0
3360 - 0
3363 - 0
3366 - 0
3370 - 0
3373 - 0
3376 - 0
3379 - 0
3383 - 0
3386 - 0
3389 - 0
3392 - 0
3395 - 0
3399 - 0
3402 - 0
3405 - 0
3408 - 0
3411 - 0
3415 - 0
3418 - 0
3421 - 0
3424 - 0
3427 - 0
3430 - 0
3434 - 0
3437 - 0
3440 - 0
3443 - 0
3446 - 0
3453 - 0
3456 - 0
3459 - 0
3462 - 0
3466 - 0
3469 - 0
3472 - 0
3475 - 0
3478 - 0
3482 - 0
3485 - 0
3488 - 0
3491 - 0
3494 - 0
3497 - 0
3500 - 0
3503 - 0
3506 - 0
3509 - 0
3513 - 0
3516 - 0
3519 - 0
3522 - 0
3525 - 0
3528 - 0
3531 - 0
3534 - 0
3537 - 0
3540 - 0
3544 - 0
3547 - 0
3550 - 0
3553 - 0
3556 - 0
3559 - 0
3562 - 0
3565 - 0
3568 - 0
3571 - 0
3575 - 0
3578 - 0
3581 - 0
3584 - 0
3587 - 0
3591 - 0
3594 - 0
3597 - 0
3600 - 0
3603 - 0
3606 - 0
3609 - 0
3612 - 0
3615 - 0
3618 - 0
3622 - 0
3625 - 0
3628 - 0
3631 - 0
3634 - 0
3637 - 0
3640 - 0
3643 - 0
3646 - 0
3649 - 0
3652 - 0
3656 - 0
3659 - 0
3662 - 0
3665 - 0
3668 - 0
3672 - 0
3675 - 0
3679 - 0
3682 - 0
3684 - 0
3688 - 0
3691 - 0
3694 - 0
3697 - 0
3700 - 0
3704 - 0
3707 - 0
3710 - 0
3713 - 0
3716 - 0
3719 - 0
3722 - 0
3725 - 0
3728 - 0
3731 - 0
3735 - 0
3738 - 0
3741 - 0
3744 - 0
3747 - 0
3750 - 0
3754 - 0
3757 - 0
3760 - 0
3763 - 0
3767 - 0
3770 - 0
3773 - 0
3777 - 0
3780 - 0
3787 - 0
3790 - 0
3793 - 0
3796 - 0
3800 - 0
3803 - 0
3806 - 0
3809 - 0
3812 - 0
3816 - 0
3819 - 0
3822 - 0
3825 - 0
3828 - 0
3832 - 0
3835 - 0
3838 - 0
3841 - 0
3844 - 0
3848 - 0
3851 - 0
3854 - 0
3857 - 0
3861 - 0
3868 - 0
3872 - 0
3876 - 0
3881 - 0
3885 - 0
3890 - 0
3894 - 0
3897 - 0
3900 - 0
3903 - 0
3906 - 0
3910 - 0
3913 - 0
3916 - 0
3919 - 0
3922 - 0
3927 - 0
3930 - 0
3933 - 0
3937 - 0
3940 - 0
3943 - 0
3946 - 0
3949 - 0
3952 - 0
3956 - 0
3959 - 0
3962 - 0
3965 - 0
3968 - 0
3972 - 0
3975 - 0
3978 - 0
3981 - 0
3985 - 0
3988 - 0
3991 - 0
3994 - 0
3997 - 0
4001 - 0
4004 - 0
4007 - 0
4010 - 0
